<?xml version="1.0" encoding="UTF-8"?>
<testng-results ignored="0" total="2" passed="2" failed="0" skipped="0">
  <reporter-output>
  </reporter-output>
  <suite started-at="2024-04-15T10:28:08 IST" name="sanitySuite" finished-at="2024-04-15T10:28:47 IST" duration-ms="38807">
    <groups>
      <group name="sanity">
        <method signature="LogoutUserDatabaseTest.logoutUserCheckoutFlowExcel()[pri:0, instance:com.seleniumapi.testcases.LogoutUserDatabaseTest@659eef7]" name="logoutUserCheckoutFlowExcel" class="com.seleniumapi.testcases.LogoutUserDatabaseTest"/>
        <method signature="LogoutUserAPITest.logoutUserCheckoutFlowExcel()[pri:0, instance:com.seleniumapi.testcases.LogoutUserAPITest@2a1edad4]" name="logoutUserCheckoutFlowExcel" class="com.seleniumapi.testcases.LogoutUserAPITest"/>
      </group> <!-- sanity -->
    </groups>
    <test started-at="2024-04-15T10:28:08 IST" name="sanity" finished-at="2024-04-15T10:28:41 IST" duration-ms="33065">
      <class name="com.seleniumapi.testcases.LogoutUserDatabaseTest">
        <test-method is-config="true" signature="getStudentData()[pri:0, instance:com.seleniumapi.testcases.LogoutUserDatabaseTest@659eef7]" started-at="2024-04-15T10:28:08 IST" name="getStudentData" finished-at="2024-04-15T10:28:09 IST" duration-ms="419" status="PASS">
          <reporter-output>
          </reporter-output>
        </test-method> <!-- getStudentData -->
        <test-method is-config="true" signature="initializeDriver(java.lang.String)[pri:0, instance:com.seleniumapi.testcases.LogoutUserDatabaseTest@659eef7]" started-at="2024-04-15T10:28:09 IST" name="initializeDriver" finished-at="2024-04-15T10:28:10 IST" duration-ms="1543" status="PASS">
          <params>
            <param index="0">
              <value>
                <![CDATA[chrome]]>
              </value>
            </param>
          </params>
          <reporter-output>
          </reporter-output>
        </test-method> <!-- initializeDriver -->
        <test-method is-config="true" signature="setObjects()[pri:0, instance:com.seleniumapi.testcases.LogoutUserDatabaseTest@659eef7]" started-at="2024-04-15T10:28:10 IST" name="setObjects" finished-at="2024-04-15T10:28:10 IST" duration-ms="18" status="PASS">
          <reporter-output>
          </reporter-output>
        </test-method> <!-- setObjects -->
        <test-method signature="logoutUserCheckoutFlowExcel()[pri:0, instance:com.seleniumapi.testcases.LogoutUserDatabaseTest@659eef7]" started-at="2024-04-15T10:28:10 IST" name="logoutUserCheckoutFlowExcel" finished-at="2024-04-15T10:28:41 IST" duration-ms="30918" status="PASS">
          <reporter-output>
          </reporter-output>
        </test-method> <!-- logoutUserCheckoutFlowExcel -->
        <test-method is-config="true" signature="quitDriver()[pri:0, instance:com.seleniumapi.testcases.LogoutUserDatabaseTest@659eef7]" started-at="2024-04-15T10:28:41 IST" name="quitDriver" finished-at="2024-04-15T10:28:41 IST" duration-ms="115" status="PASS">
          <reporter-output>
          </reporter-output>
        </test-method> <!-- quitDriver -->
      </class> <!-- com.seleniumapi.testcases.LogoutUserDatabaseTest -->
    </test> <!-- sanity -->
    <test started-at="2024-04-15T10:28:08 IST" name="sanity2" finished-at="2024-04-15T10:28:47 IST" duration-ms="38807">
      <class name="com.seleniumapi.testcases.LogoutUserAPITest">
        <test-method is-config="true" signature="getStudentData()[pri:0, instance:com.seleniumapi.testcases.LogoutUserAPITest@2a1edad4]" started-at="2024-04-15T10:28:08 IST" name="getStudentData" finished-at="2024-04-15T10:28:11 IST" duration-ms="2797" status="PASS">
          <reporter-output>
          </reporter-output>
        </test-method> <!-- getStudentData -->
        <test-method is-config="true" signature="initializeDriver(java.lang.String)[pri:0, instance:com.seleniumapi.testcases.LogoutUserAPITest@2a1edad4]" started-at="2024-04-15T10:28:11 IST" name="initializeDriver" finished-at="2024-04-15T10:28:14 IST" duration-ms="2843" status="PASS">
          <params>
            <param index="0">
              <value>
                <![CDATA[firefox]]>
              </value>
            </param>
          </params>
          <reporter-output>
          </reporter-output>
        </test-method> <!-- initializeDriver -->
        <test-method signature="logoutUserCheckoutFlowExcel()[pri:0, instance:com.seleniumapi.testcases.LogoutUserAPITest@2a1edad4]" started-at="2024-04-15T10:28:14 IST" name="logoutUserCheckoutFlowExcel" finished-at="2024-04-15T10:28:46 IST" duration-ms="32430" status="PASS">
          <reporter-output>
          </reporter-output>
        </test-method> <!-- logoutUserCheckoutFlowExcel -->
        <test-method is-config="true" signature="setObjects()[pri:0, instance:com.seleniumapi.testcases.LogoutUserAPITest@2a1edad4]" started-at="2024-04-15T10:28:14 IST" name="setObjects" finished-at="2024-04-15T10:28:14 IST" duration-ms="0" status="PASS">
          <reporter-output>
          </reporter-output>
        </test-method> <!-- setObjects -->
        <test-method is-config="true" signature="quitDriver()[pri:0, instance:com.seleniumapi.testcases.LogoutUserAPITest@2a1edad4]" started-at="2024-04-15T10:28:46 IST" name="quitDriver" finished-at="2024-04-15T10:28:47 IST" duration-ms="726" status="PASS">
          <reporter-output>
          </reporter-output>
        </test-method> <!-- quitDriver -->
      </class> <!-- com.seleniumapi.testcases.LogoutUserAPITest -->
    </test> <!-- sanity2 -->
  </suite> <!-- sanitySuite -->
</testng-results>
