<?xml version="1.0" encoding="UTF-8"?>
<!-- Generated by org.testng.reporters.JUnitXMLReporter -->
<testsuite ignored="2" hostname="Herain" failures="0" tests="1" name="sanity4" time="45.489" errors="0" timestamp="2024-04-14T19:50:29 IST">
  <testcase classname="com.seleniumapi.testcases.LoginTest" name="logoutUserCheckoutFlow" time="39.667"/>
  <testcase classname="com.seleniumapi.testcases.LoginTest" name="loginUserCheckoutFlow" time="0.0">
    <ignored/>
  </testcase> <!-- loginUserCheckoutFlow -->
  <testcase classname="com.seleniumapi.testcases.LoginTest" name="loginUserCheckoutFlowFaiedCase" time="0.0">
    <ignored/>
  </testcase> <!-- loginUserCheckoutFlowFaiedCase -->
</testsuite> <!-- sanity4 -->
