<?xml version="1.0" encoding="UTF-8"?>
<!-- Generated by org.testng.reporters.JUnitXMLReporter -->
<testsuite ignored="1" hostname="Herain" failures="0" tests="1" name="sanity" time="34.018" errors="0" timestamp="2024-04-14T12:13:09 IST">
  <testcase classname="com.seleniumapi.testcases.LogoutUserJSONTest" name="logoutUserCheckoutFlowDataViaJSON" time="32.168"/>
  <testcase classname="com.seleniumapi.testcases.LogoutUserJSONTest" name="logoutUserCheckoutFlowDataViaGenericDesirialiser" time="0.0">
    <ignored/>
  </testcase> <!-- logoutUserCheckoutFlowDataViaGenericDesirialiser -->
</testsuite> <!-- sanity -->
