<?xml version="1.0" encoding="UTF-8"?>
<!-- Generated by org.testng.reporters.JUnitXMLReporter -->
<testsuite ignored="2" hostname="Herain" failures="0" tests="1" name="sanity1" time="38.843" errors="0" timestamp="2024-04-14T19:49:36 IST">
  <testcase classname="com.seleniumapi.testcases.LoginTest" name="logoutUserCheckoutFlow" time="36.213"/>
  <testcase classname="com.seleniumapi.testcases.LoginTest" name="loginUserCheckoutFlowFaiedCase" time="0.0">
    <ignored/>
  </testcase> <!-- loginUserCheckoutFlowFaiedCase -->
  <testcase classname="com.seleniumapi.testcases.LoginTest" name="loginUserCheckoutFlow" time="0.0">
    <ignored/>
  </testcase> <!-- loginUserCheckoutFlow -->
</testsuite> <!-- sanity1 -->
